Circuit: * D:\Documents - HDD\Projects\FusIon-Pack\REV 0-2 PCB\LTC3783_sim.asc

C9: Increased Cpar to 1e-012
C7: Increased Cpar to 1e-011
C6: Increased Cpar to 1e-013
C4: Increased Cpar to 4.7e-011
C1: Increased Cpar to 4.7e-012
Direct Newton iteration failed to find .op point.  (Use ".option noopiter" to skip.)
Starting Gmin stepping
Gmin = 10
Gmin = 1.07374
Gmin = 0.115292
Gmin = 0.0123794
vernier = 0.5
vernier = 0.25
vernier = 0.333333
Gmin = 0.00973735
vernier = 0.444444
Gmin = 0.00375705
vernier = 0.592592
vernier = 0.790123
Gmin = 0.000797469
vernier = 1
Gmin = 9.32954e-005
Gmin = 1.00175e-005
Gmin = 1.07562e-006
Gmin = 1.15494e-007
Gmin = 1.24011e-008
Gmin = 1.33156e-009
Gmin = 1.42975e-010
Gmin = 1.53518e-011
Gmin = 1.64839e-012
Gmin = 1.76994e-013
Gmin = 0
Gmin stepping succeeded in finding the operating point.

Heightened Def Con from 0.00233373 to 0.00233374
Heightened Def Con from 0.0024848 to 0.0024848
Heightened Def Con from 0.00279559 to 0.00279559

Date: Sat Jul 06 22:03:49 2019
Total elapsed time: 67.093 seconds.

tnom = 27
temp = 27
method = modified trap
totiter = 7359652
traniter = 7359002
tranpoints = 2212653
accept = 1533721
rejected = 678935
matrix size = 49
fillins = 21
solver = Normal
Matrix Compiler1: 2.70 KB object code size  0.5/0.3/[0.2]
Matrix Compiler2: 3.37 KB object code size  0.4/0.6/[0.4]

